Flow report for CourseworkTask1
Sun May 23 17:43:53 2021
Quartus Prime Version 20.1.1 Build 720 11/11/2020 SJ Lite Edition


---------------------
; Table of Contents ;
---------------------
  1. Legal Notice
  2. Flow Summary
  3. Flow Settings
  4. Flow Non-Default Global Settings
  5. Flow Elapsed Time
  6. Flow OS Summary
  7. Flow Log
  8. Flow Messages
  9. Flow Suppressed Messages



----------------
; Legal Notice ;
----------------
Copyright (C) 2020  Intel Corporation. All rights reserved.
Your use of Intel Corporation's design tools, logic functions 
and other software and tools, and any partner logic 
functions, and any output files from any of the foregoing 
(including device programming or simulation files), and any 
associated documentation or information are expressly subject 
to the terms and conditions of the Intel Program License 
Subscription Agreement, the Intel Quartus Prime License Agreement,
the Intel FPGA IP License Agreement, or other applicable license
agreement, including, without limitation, that your use is for
the sole purpose of programming logic devices manufactured by
Intel and sold by Intel or its authorized distributors.  Please
refer to the applicable agreement for further details, at
https://fpgasoftware.intel.com/eula.



+-------------------------------------------------------------------------------+
; Flow Summary                                                                  ;
+---------------------------------+---------------------------------------------+
; Flow Status                     ; Successful - Sun May 23 17:43:53 2021       ;
; Quartus Prime Version           ; 20.1.1 Build 720 11/11/2020 SJ Lite Edition ;
; Revision Name                   ; CourseworkTask1                             ;
; Top-level Entity Name           ; xtea_top                                    ;
; Family                          ; Cyclone V                                   ;
; Device                          ; 5CSEMA5F31C6                                ;
; Timing Models                   ; Final                                       ;
; Logic utilization (in ALMs)     ; 477 / 32,070 ( 1 % )                        ;
; Total registers                 ; 304                                         ;
; Total pins                      ; 101 / 457 ( 22 % )                          ;
; Total virtual pins              ; 0                                           ;
; Total block memory bits         ; 0 / 4,065,280 ( 0 % )                       ;
; Total DSP Blocks                ; 0 / 87 ( 0 % )                              ;
; Total HSSI RX PCSs              ; 0                                           ;
; Total HSSI PMA RX Deserializers ; 0                                           ;
; Total HSSI TX PCSs              ; 0                                           ;
; Total HSSI PMA TX Serializers   ; 0                                           ;
; Total PLLs                      ; 0 / 6 ( 0 % )                               ;
; Total DLLs                      ; 0 / 4 ( 0 % )                               ;
+---------------------------------+---------------------------------------------+


+-----------------------------------------+
; Flow Settings                           ;
+-------------------+---------------------+
; Option            ; Setting             ;
+-------------------+---------------------+
; Start date & time ; 05/23/2021 17:39:46 ;
; Main task         ; Compilation         ;
; Revision Name     ; CourseworkTask1     ;
+-------------------+---------------------+


+--------------------------------------------------------------------------------------------------------------------------------------------------+
; Flow Non-Default Global Settings                                                                                                                 ;
+-------------------------------------+----------------------------------------+-----------------+-------------+-----------------------------------+
; Assignment Name                     ; Value                                  ; Default Value   ; Entity Name ; Section Id                        ;
+-------------------------------------+----------------------------------------+-----------------+-------------+-----------------------------------+
; COMPILER_SIGNATURE_ID               ; 49410869688502.162178798610644         ; --              ; --          ; --                                ;
; EDA_GENERATE_FUNCTIONAL_NETLIST     ; Off                                    ; --              ; --          ; eda_board_design_timing           ;
; EDA_GENERATE_FUNCTIONAL_NETLIST     ; Off                                    ; --              ; --          ; eda_board_design_boundary_scan    ;
; EDA_GENERATE_FUNCTIONAL_NETLIST     ; Off                                    ; --              ; --          ; eda_board_design_signal_integrity ;
; EDA_GENERATE_FUNCTIONAL_NETLIST     ; Off                                    ; --              ; --          ; eda_board_design_symbol           ;
; EDA_MAP_ILLEGAL_CHARACTERS          ; Off                                    ; --              ; --          ; eda_simulation                    ;
; EDA_OUTPUT_DATA_FORMAT              ; Vhdl                                   ; --              ; --          ; eda_simulation                    ;
; EDA_SIMULATION_TOOL                 ; ModelSim-Altera (VHDL)                 ; <None>          ; --          ; --                                ;
; EDA_TIME_SCALE                      ; 1 ps                                   ; --              ; --          ; eda_simulation                    ;
; ENABLE_LOGIC_ANALYZER_INTERFACE     ; Off                                    ; --              ; --          ; --                                ;
; FLOW_ENABLE_POWER_ANALYZER          ; On                                     ; Off             ; --          ; --                                ;
; MAX_CORE_JUNCTION_TEMP              ; 85                                     ; --              ; --          ; --                                ;
; MIN_CORE_JUNCTION_TEMP              ; 0                                      ; --              ; --          ; --                                ;
; PARTITION_COLOR                     ; -- (Not supported for targeted family) ; --              ; xtea_top    ; Top                               ;
; PARTITION_FITTER_PRESERVATION_LEVEL ; -- (Not supported for targeted family) ; --              ; xtea_top    ; Top                               ;
; PARTITION_NETLIST_TYPE              ; -- (Not supported for targeted family) ; --              ; xtea_top    ; Top                               ;
; POWER_BOARD_THERMAL_MODEL           ; None (CONSERVATIVE)                    ; --              ; --          ; --                                ;
; POWER_DEFAULT_INPUT_IO_TOGGLE_RATE  ; 12.5 %                                 ; 12.5%           ; --          ; --                                ;
; POWER_PRESET_COOLING_SOLUTION       ; 23 MM HEAT SINK WITH 200 LFPM AIRFLOW  ; --              ; --          ; --                                ;
; PROJECT_OUTPUT_DIRECTORY            ; output_files                           ; --              ; --          ; --                                ;
; TOP_LEVEL_ENTITY                    ; xtea_top                               ; CourseworkTask1 ; --          ; --                                ;
+-------------------------------------+----------------------------------------+-----------------+-------------+-----------------------------------+


+--------------------------------------------------------------------------------------------------------------------------+
; Flow Elapsed Time                                                                                                        ;
+----------------------+--------------+-------------------------+---------------------+------------------------------------+
; Module Name          ; Elapsed Time ; Average Processors Used ; Peak Virtual Memory ; Total CPU Time (on all processors) ;
+----------------------+--------------+-------------------------+---------------------+------------------------------------+
; Analysis & Synthesis ; 00:00:06     ; 1.0                     ; 4915 MB             ; 00:00:12                           ;
; Fitter               ; 00:01:29     ; 1.1                     ; 7346 MB             ; 00:05:53                           ;
; Assembler            ; 00:00:05     ; 1.0                     ; 4844 MB             ; 00:00:04                           ;
; Power Analyzer       ; 00:00:04     ; 1.8                     ; 5330 MB             ; 00:00:05                           ;
; Timing Analyzer      ; 00:00:04     ; 2.3                     ; 5257 MB             ; 00:00:08                           ;
; EDA Netlist Writer   ; 00:00:00     ; 1.0                     ; 4734 MB             ; 00:00:01                           ;
; Power Analyzer       ; 00:00:03     ; 1.9                     ; 5329 MB             ; 00:00:05                           ;
; Total                ; 00:01:51     ; --                      ; --                  ; 00:06:28                           ;
+----------------------+--------------+-------------------------+---------------------+------------------------------------+


+------------------------------------------------------------------------------------+
; Flow OS Summary                                                                    ;
+----------------------+------------------+------------+------------+----------------+
; Module Name          ; Machine Hostname ; OS Name    ; OS Version ; Processor type ;
+----------------------+------------------+------------+------------+----------------+
; Analysis & Synthesis ; DESKTOP-Q4B9BQM  ; Windows 10 ; 10.0       ; x86_64         ;
; Fitter               ; DESKTOP-Q4B9BQM  ; Windows 10 ; 10.0       ; x86_64         ;
; Assembler            ; DESKTOP-Q4B9BQM  ; Windows 10 ; 10.0       ; x86_64         ;
; Power Analyzer       ; DESKTOP-Q4B9BQM  ; Windows 10 ; 10.0       ; x86_64         ;
; Timing Analyzer      ; DESKTOP-Q4B9BQM  ; Windows 10 ; 10.0       ; x86_64         ;
; EDA Netlist Writer   ; DESKTOP-Q4B9BQM  ; Windows 10 ; 10.0       ; x86_64         ;
; Power Analyzer       ; DESKTOP-Q4B9BQM  ; Windows 10 ; 10.0       ; x86_64         ;
+----------------------+------------------+------------+------------+----------------+


------------
; Flow Log ;
------------
quartus_map --read_settings_files=on --write_settings_files=off CourseworkTask1 -c CourseworkTask1
quartus_fit --read_settings_files=off --write_settings_files=off CourseworkTask1 -c CourseworkTask1
quartus_asm --read_settings_files=off --write_settings_files=off CourseworkTask1 -c CourseworkTask1
quartus_pow --read_settings_files=off --write_settings_files=off CourseworkTask1 -c CourseworkTask1
quartus_sta CourseworkTask1 -c CourseworkTask1
quartus_eda --read_settings_files=off --write_settings_files=off CourseworkTask1 -c CourseworkTask1
quartus_pow --read_settings_files=on --write_settings_files=off CourseworkTask1 -c CourseworkTask1



